<?xml version="1.0" encoding="UTF-8"?>
<testsuite xmlns:xsi="http://www.w3.org/2001/XMLSchema-instance" xsi:noNamespaceSchemaLocation="https://maven.apache.org/surefire/maven-surefire-plugin/xsd/surefire-test-report.xsd" version="3.0.2" name="com.qxy.dyMall.DyMallApplicationTests" time="4.295" tests="1" errors="0" skipped="0" failures="0">
  <properties>
[...]
</properties>
  <testcase name="contextLoads" classname="com.qxy.dyMall.DyMallApplicationTests" time="0.924">
    <system-out><![CDATA[14:04:02.358 [main] INFO org.springframework.test.context.support.AnnotationConfigContextLoaderUtils -- Could not detect default configuration classes for test class [com.qxy.dyMall.DyMallApplicationTests]: DyMallApplicationTests does not declare any static, non-private, non-final, nested classes annotated with @Configuration.
14:04:02.513 [main] INFO org.springframework.boot.test.context.SpringBootTestContextBootstrapper -- Found @SpringBootConfiguration com.qxy.dyMall.DyMallApplication for test class com.qxy.dyMall.DyMallApplicationTests
14:04:02.789 [main] INFO org.springframework.boot.devtools.restart.RestartApplicationListener -- Restart disabled due to context in which it is running

  .   ____          _            __ _ _
 /\\ / ___'_ __ _ _(_)_ __  __ _ \ \ \ \
( ( )\___ | '_ | '_| | '_ \/ _` | \ \ \ \
 \\/  ___)| |_)| | | | | || (_| |  ) ) ) )
  '  |____| .__|_| |_|_| |_\__, | / / / /
 =========|_|==============|___/=/_/_/_/

 :: Spring Boot ::                (v3.4.2)

2025-02-25T14:04:03.265+08:00  INFO 26448 --- [dyMall] [           main] com.qxy.dyMall.DyMallApplicationTests    : Starting DyMallApplicationTests using Java 17.0.9 with PID 26448 (started by yumiko in D:\BaiduSyncdisk\qxy\dyMall\dyMall)
2025-02-25T14:04:03.265+08:00  INFO 26448 --- [dyMall] [           main] com.qxy.dyMall.DyMallApplicationTests    : No active profile set, falling back to 1 default profile: "default"
Logging initialized using 'class org.apache.ibatis.logging.stdout.StdOutImpl' adapter.
2025-02-25T14:04:04.859+08:00  INFO 26448 --- [dyMall] [           main] r$InitializeUserDetailsManagerConfigurer : Global AuthenticationManager configured with UserDetailsService bean with name inMemoryUserDetailsManager
2025-02-25T14:04:05.521+08:00  INFO 26448 --- [dyMall] [           main] com.qxy.dyMall.DyMallApplicationTests    : Started DyMallApplicationTests in 2.763 seconds (process running for 4.001)
]]></system-out>
  </testcase>
</testsuite>